<?xml version="1.0" encoding="UTF-8"?>
<!-- Generated by org.testng.reporters.JUnitXMLReporter -->
<testsuite hostname="Sridhar-PC" name="Test" tests="2" failures="1" timestamp="1 Dec 2021 03:31:27 GMT" time="0.128" errors="0">
  <testcase name="tc1" time="0.0" classname="org.test.Parametres">
    <skipped/>
  </testcase> <!-- tc1 -->
  <testcase name="tc2" time="0.06" classname="org.test.Parametres">
    <failure type="java.lang.NullPointerException">
      <![CDATA[java.lang.NullPointerException
	at org.openqa.selenium.support.pagefactory.DefaultElementLocator.findElement(DefaultElementLocator.java:70)
	at org.openqa.selenium.support.pagefactory.internal.LocatingElementHandler.invoke(LocatingElementHandler.java:39)
	at com.sun.proxy.$Proxy8.click(Unknown Source)
	at org.utilities.BaseClass.button(BaseClass.java:85)
	at org.test.Parametres.tc2(Parametres.java:27)
... Removed 24 stack frames]]>
    </failure>
  </testcase> <!-- tc2 -->
</testsuite> <!-- Test -->
