<?xml version="1.0" encoding="UTF-8"?>
<testng-results skipped="0" failed="0" total="3" passed="3">
  <reporter-output>
  </reporter-output>
  <suite name="Suite" duration-ms="96" started-at="2021-11-30T02:59:25Z" finished-at="2021-11-30T02:59:25Z">
    <groups>
    </groups>
    <test name="Test" duration-ms="96" started-at="2021-11-30T02:59:25Z" finished-at="2021-11-30T02:59:25Z">
      <class name="org.test.SampleSuite">
        <test-method status="PASS" signature="tc1()[pri:0, instance:org.test.SampleSuite@4f7d0008]" name="tc1" duration-ms="32" started-at="2021-11-30T08:29:25Z" finished-at="2021-11-30T08:29:25Z">
          <reporter-output>
          </reporter-output>
        </test-method> <!-- tc1 -->
        <test-method status="PASS" signature="tc2()[pri:0, instance:org.test.SampleSuite@4f7d0008]" name="tc2" duration-ms="6" started-at="2021-11-30T08:29:25Z" finished-at="2021-11-30T08:29:25Z">
          <reporter-output>
          </reporter-output>
        </test-method> <!-- tc2 -->
      </class> <!-- org.test.SampleSuite -->
      <class name="org.test.SampleSuite1">
        <test-method status="PASS" signature="tc3()[pri:0, instance:org.test.SampleSuite1@42dafa95]" name="tc3" duration-ms="6" started-at="2021-11-30T08:29:25Z" finished-at="2021-11-30T08:29:25Z">
          <reporter-output>
          </reporter-output>
        </test-method> <!-- tc3 -->
      </class> <!-- org.test.SampleSuite1 -->
    </test> <!-- Test -->
  </suite> <!-- Suite -->
</testng-results>
